# yersinia v0.8.2 started in pc-iad-01 on Wed Dec 18 08:46:53 2019

Network Interface enp1s0

 enp1s0 iflinkname EN10MB
 enp1s0 iflinkdesc Ethernet
 enp1s0 MAC = e0d5.5e5e.7492
Network Interface enp4s0

 enp4s0 iflinkname EN10MB
 enp4s0 iflinkdesc Ethernet
 enp4s0 MAC = 503e.aa07.1830
Network Interface lo

 lo iflinkname EN10MB
 lo iflinkdesc Ethernet
 lo MAC = 0000.0000.0000
Network Interface nflog
Network Interface nfqueue
Network Interface usbmon1
pcap_open_live failed: usbmon1: Can't open USB bus file /sys/kernel/debug/usbmon/1t: No such file or directory
Network Interface usbmon2
pcap_open_live failed: usbmon2: Can't open USB bus file /sys/kernel/debug/usbmon/2t: No such file or directory

 th_uptime thread = F0B86700

 ncurses_gui_th = -264743168
 Notification: Warning: interface enp1s0 selected as the default one

 ncurses_gui_th_exit start...
 ncurses_gui_th_exit finish...
 g00dbye function called from F97F0A00

 ints_destroy started...
 ints_destroy killing pcap_listener(-247957760)...

 thread_destroy F97F0A00 destroying F1387700...
 thread_destroy F97F0A00 after PTHREAD_JOIN F1387700...
 ints_destroy finished...
 Showing MOTD..
# yersinia finished on Wed Dec 18 08:47:34 2019

# yersinia v0.8.2 started in pc-iad-01 on Wed Dec 18 08:47:42 2019

Network Interface enp1s0

 enp1s0 iflinkname EN10MB
 enp1s0 iflinkdesc Ethernet
 enp1s0 MAC = e0d5.5e5e.7492
Network Interface enp4s0

 enp4s0 iflinkname EN10MB
 enp4s0 iflinkdesc Ethernet
 enp4s0 MAC = 503e.aa07.1830
Network Interface lo

 lo iflinkname EN10MB
 lo iflinkdesc Ethernet
 lo MAC = 0000.0000.0000
Network Interface nflog
Network Interface nfqueue
Network Interface usbmon1
pcap_open_live failed: usbmon1: Can't open USB bus file /sys/kernel/debug/usbmon/1t: No such file or directory
Network Interface usbmon2
pcap_open_live failed: usbmon2: Can't open USB bus file /sys/kernel/debug/usbmon/2t: No such file or directory
 g00dbye function called from E539A00

 ints_destroy started...
 ints_destroy killing pcap_listener(101517056)...

 thread_destroy E539A00 destroying 60D0700...
 thread_destroy E539A00 after PTHREAD_JOIN 60D0700...
 ints_destroy finished...
 Showing MOTD..
# yersinia finished on Wed Dec 18 08:47:42 2019

# yersinia v0.8.2 started in pc-iad-01 on Wed Dec 18 08:47:55 2019

Network Interface enp1s0

 enp1s0 iflinkname EN10MB
 enp1s0 iflinkdesc Ethernet
 enp1s0 MAC = e0d5.5e5e.7492
Network Interface enp4s0

 enp4s0 iflinkname EN10MB
 enp4s0 iflinkdesc Ethernet
 enp4s0 MAC = 503e.aa07.1830
Network Interface lo

 lo iflinkname EN10MB
 lo iflinkdesc Ethernet
 lo MAC = 0000.0000.0000
Network Interface nflog
Network Interface nfqueue
Network Interface usbmon1
pcap_open_live failed: usbmon1: Can't open USB bus file /sys/kernel/debug/usbmon/1t: No such file or directory
Network Interface usbmon2
pcap_open_live failed: usbmon2: Can't open USB bus file /sys/kernel/debug/usbmon/2t: No such file or directory

 th_uptime thread = 6E7E1700

 gtk_gui_th = 6DFE0700
 attack_launch: 6DFE0700 Attack thread 64745700 is born!!
# yersinia v0.8.2 started in pc-iad-01 on Wed Dec 18 08:52:16 2019

Network Interface enp1s0

 enp1s0 iflinkname EN10MB
 enp1s0 iflinkdesc Ethernet
 enp1s0 MAC = e0d5.5e5e.7492
Network Interface enp4s0

 enp4s0 iflinkname EN10MB
 enp4s0 iflinkdesc Ethernet
 enp4s0 MAC = 503e.aa07.1830
Network Interface lo

 lo iflinkname EN10MB
 lo iflinkdesc Ethernet
 lo MAC = 0000.0000.0000
Network Interface nflog
Network Interface nfqueue
Network Interface usbmon1
pcap_open_live failed: usbmon1: Can't open USB bus file /sys/kernel/debug/usbmon/1t: No such file or directory
Network Interface usbmon2
pcap_open_live failed: usbmon2: Can't open USB bus file /sys/kernel/debug/usbmon/2t: No such file or directory

 th_uptime thread = CD2D3700

 gtk_gui_th = CCAD2700
Exiting GTK mode...

 gtk_gui_th_exit start...
 gtk_gui_th_exit finish...
 g00dbye function called from D5F3DA00

 ints_destroy started...
 ints_destroy killing pcap_listener(-844282112)...

 thread_destroy D5F3DA00 destroying CDAD4700...
 thread_destroy D5F3DA00 after PTHREAD_JOIN CDAD4700...
 ints_destroy finished...
 Showing MOTD..
# yersinia finished on Wed Dec 18 08:53:36 2019

# yersinia v0.8.2 started in pc-iad-01 on Wed Dec 18 08:55:36 2019

Network Interface enp1s0

 enp1s0 iflinkname EN10MB
 enp1s0 iflinkdesc Ethernet
 enp1s0 MAC = e0d5.5e5e.7492
Network Interface enp4s0

 enp4s0 iflinkname EN10MB
 enp4s0 iflinkdesc Ethernet
 enp4s0 MAC = 503e.aa07.1830
Network Interface lo

 lo iflinkname EN10MB
 lo iflinkdesc Ethernet
 lo MAC = 0000.0000.0000
Network Interface nflog
Network Interface nfqueue
Network Interface usbmon1
pcap_open_live failed: usbmon1: Can't open USB bus file /sys/kernel/debug/usbmon/1t: No such file or directory
Network Interface usbmon2
pcap_open_live failed: usbmon2: Can't open USB bus file /sys/kernel/debug/usbmon/2t: No such file or directory

 th_uptime thread = AD805700

 gtk_gui_th = AD004700
 attack_launch: AD004700 Attack thread A3761700 is born!!
Payload = 12 + 1 + 4
Antes envio payload=0x7fac9c000b20  psize=17  dot1x_data->len=17
 attack_th_exit -> attack_th.stop=0   attack_th.id=A3761700....
 attack_th_exit: A3761700 finished
 attack_launch: AD004700 Attack thread A3761700 is born!!
Payload = 12 + 1 + 4
Antes envio payload=0x7fac9c000b20  psize=17  dot1x_data->len=17
 attack_th_exit -> attack_th.stop=0   attack_th.id=A3761700....
 attack_th_exit: A3761700 finished
 attack_launch: AD004700 Attack thread A3761700 is born!!

 thread_destroy AD004700 destroying A3761700...
 attack_th_exit -> attack_th.stop=1   attack_th.id=A3761700....
 attack_th_exit: A3761700 finished
 thread_destroy AD004700 after PTHREAD_JOIN A3761700...
 attack_launch: AD004700 Attack thread A3761700 is born!!

 thread_destroy AD004700 destroying A3761700...
 attack_th_exit -> attack_th.stop=1   attack_th.id=A3761700....
 attack_th_exit: A3761700 finished
 thread_destroy AD004700 after PTHREAD_JOIN A3761700...
 attack_launch: AD004700 Attack thread A3761700 is born!!

 thread_destroy AD004700 destroying A3761700...
 attack_th_exit -> attack_th.stop=1   attack_th.id=A3761700....
 attack_th_exit: A3761700 finished
 thread_destroy AD004700 after PTHREAD_JOIN A3761700...
 attack_launch: AD004700 Attack thread A3761700 is born!!
# yersinia v0.8.2 started in pc-iad-01 on Wed Dec 18 09:17:05 2019

Network Interface enp1s0

 enp1s0 iflinkname EN10MB
 enp1s0 iflinkdesc Ethernet
 enp1s0 MAC = e0d5.5e5e.7492
Network Interface enp4s0

 enp4s0 iflinkname EN10MB
 enp4s0 iflinkdesc Ethernet
 enp4s0 MAC = 503e.aa07.1830
Network Interface lo

 lo iflinkname EN10MB
 lo iflinkdesc Ethernet
 lo MAC = 0000.0000.0000
Network Interface nflog
Network Interface nfqueue
Network Interface usbmon1
pcap_open_live failed: usbmon1: Can't open USB bus file /sys/kernel/debug/usbmon/1t: No such file or directory
Network Interface usbmon2
pcap_open_live failed: usbmon2: Can't open USB bus file /sys/kernel/debug/usbmon/2t: No such file or directory

 th_uptime thread = AC187700

 gtk_gui_th = AB986700
 attack_launch: AB986700 Attack thread A204D700 is born!!

 thread_destroy AB986700 destroying A204D700...
 attack_th_exit -> attack_th.stop=1   attack_th.id=A204D700....
 attack_th_exit: A204D700 finished
 thread_destroy AB986700 after PTHREAD_JOIN A204D700...
